Tarzan_ADAS/app/build/intermediates/manifest_merge_blame_file/debug/manifest-merger-blame-debug-report.txt
1<?xml version="1.0" encoding="utf-8"?>
2<!-- BEGIN_INCLUDE(manifest) -->
3<manifest xmlns:android="http://schemas.android.com/apk/res/android"
4    package="com.example.tflite_iris_landmark"
5    android:versionCode="1"
6    android:versionName="1.0" >
7
8    <uses-sdk
9        android:minSdkVersion="27"
9-->src/main/AndroidManifest.xml
10        android:targetSdkVersion="29" />
10-->src/main/AndroidManifest.xml
11
12    <uses-feature android:name="android.hardware.camera" />
12-->src/main/AndroidManifest.xml:7:3-58
12-->src/main/AndroidManifest.xml:7:17-55
13
14    <uses-permission android:name="android.permission.CAMERA" />
14-->src/main/AndroidManifest.xml:8:3-63
14-->src/main/AndroidManifest.xml:8:20-60
15
16    <application
16-->src/main/AndroidManifest.xml:9:3-27:17
17        android:allowBackup="false"
17-->src/main/AndroidManifest.xml:10:7-34
18        android:appComponentFactory="android.support.v4.app.CoreComponentFactory"
18-->[com.android.support:support-compat:28.0.0] AndroidManifest.xml:22:18-91
19        android:debuggable="true"
20        android:fullBackupContent="false"
20-->src/main/AndroidManifest.xml:11:7-40
21        android:hasCode="true"
21-->src/main/AndroidManifest.xml:14:7-29
22        android:icon="@mipmap/ic_launcher"
22-->src/main/AndroidManifest.xml:12:7-41
23        android:label="@string/app_name"
23-->src/main/AndroidManifest.xml:13:7-39
24        android:testOnly="true" >
25        <activity
25-->src/main/AndroidManifest.xml:16:5-26:16
26            android:name="com.glesapp.glesapp.GLESAppNativeActivity"
26-->src/main/AndroidManifest.xml:16:15-71
27            android:configChanges="orientation|keyboardHidden"
27-->src/main/AndroidManifest.xml:19:15-65
28            android:label="@string/app_name"
28-->src/main/AndroidManifest.xml:17:15-47
29            android:screenOrientation="landscape" >
29-->src/main/AndroidManifest.xml:18:15-52
30            <meta-data
30-->src/main/AndroidManifest.xml:20:7-21:52
31                android:name="android.app.lib_name"
31-->src/main/AndroidManifest.xml:20:18-53
32                android:value="native-activity" />
32-->src/main/AndroidManifest.xml:21:18-49
33
34            <intent-filter>
34-->src/main/AndroidManifest.xml:22:7-25:23
35                <action android:name="android.intent.action.MAIN" />
35-->src/main/AndroidManifest.xml:23:9-61
35-->src/main/AndroidManifest.xml:23:17-58
36
37                <category android:name="android.intent.category.LAUNCHER" />
37-->src/main/AndroidManifest.xml:24:9-69
37-->src/main/AndroidManifest.xml:24:19-66
38            </intent-filter>
39        </activity>
40    </application>
41
42</manifest>